{"C:\\BACKENDWEB\\backendweb\\src\\app.js": {"path":"C:\\BACKENDWEB\\backendweb\\src\\app.js","statementMap":{"0":{"start":{"line":6,"column":12},"end":{"line":6,"column":21}},"1":{"start":{"line":9,"column":0},"end":{"line":9,"column":28}},"2":{"start":{"line":12,"column":0},"end":{"line":12,"column":22}},"3":{"start":{"line":15,"column":0},"end":{"line":19,"column":4}},"4":{"start":{"line":22,"column":0},"end":{"line":27,"column":4}},"5":{"start":{"line":25,"column":8},"end":{"line":25,"column":37}},"6":{"start":{"line":30,"column":0},"end":{"line":33,"column":4}},"7":{"start":{"line":36,"column":0},"end":{"line":36,"column":16}},"8":{"start":{"line":39,"column":0},"end":{"line":43,"column":1}},"9":{"start":{"line":40,"column":4},"end":{"line":42,"column":7}},"10":{"start":{"line":41,"column":8},"end":{"line":41,"column":41}},"11":{"start":{"line":46,"column":0},"end":{"line":49,"column":3}},"12":{"start":{"line":47,"column":4},"end":{"line":47,"column":46}},"13":{"start":{"line":48,"column":4},"end":{"line":48,"column":47}},"14":{"start":{"line":51,"column":0},"end":{"line":54,"column":3}},"15":{"start":{"line":52,"column":4},"end":{"line":52,"column":54}},"16":{"start":{"line":53,"column":4},"end":{"line":53,"column":37}},"17":{"start":{"line":57,"column":0},"end":{"line":63,"column":3}},"18":{"start":{"line":58,"column":4},"end":{"line":58,"column":44}},"19":{"start":{"line":59,"column":4},"end":{"line":62,"column":7}}},"fnMap":{"0":{"name":"(anonymous_0)","decl":{"start":{"line":24,"column":12},"end":{"line":24,"column":13}},"loc":{"start":{"line":24,"column":31},"end":{"line":26,"column":5}},"line":24},"1":{"name":"(anonymous_1)","decl":{"start":{"line":40,"column":29},"end":{"line":40,"column":30}},"loc":{"start":{"line":40,"column":49},"end":{"line":42,"column":5}},"line":40},"2":{"name":"(anonymous_2)","decl":{"start":{"line":46,"column":32},"end":{"line":46,"column":33}},"loc":{"start":{"line":46,"column":49},"end":{"line":49,"column":1}},"line":46},"3":{"name":"(anonymous_3)","decl":{"start":{"line":51,"column":33},"end":{"line":51,"column":34}},"loc":{"start":{"line":51,"column":54},"end":{"line":54,"column":1}},"line":51},"4":{"name":"(anonymous_4)","decl":{"start":{"line":57,"column":8},"end":{"line":57,"column":9}},"loc":{"start":{"line":57,"column":33},"end":{"line":63,"column":1}},"line":57}},"branchMap":{"0":{"loc":{"start":{"line":39,"column":0},"end":{"line":43,"column":1}},"type":"if","locations":[{"start":{"line":39,"column":0},"end":{"line":43,"column":1}},{"start":{},"end":{}}],"line":39}},"s":{"0":5,"1":5,"2":5,"3":5,"4":5,"5":19,"6":5,"7":5,"8":5,"9":5,"10":1,"11":5,"12":1,"13":1,"14":5,"15":1,"16":1,"17":5,"18":1,"19":1},"f":{"0":19,"1":1,"2":1,"3":1,"4":1},"b":{"0":[5,0]},"inputSourceMap":null,"_coverageSchema":"1a1c01bbd47fc00a2c39e90264f33305004495a9","hash":"d52ecef20912300c47ec6b956d095b30562d9134"}
,"C:\\BACKENDWEB\\backendweb\\src\\config.js": {"path":"C:\\BACKENDWEB\\backendweb\\src\\config.js","statementMap":{"0":{"start":{"line":4,"column":0},"end":{"line":4,"column":9}}},"fnMap":{},"branchMap":{"0":{"loc":{"start":{"line":7,"column":9},"end":{"line":7,"column":46}},"type":"binary-expr","locations":[{"start":{"line":7,"column":9},"end":{"line":7,"column":29}},{"start":{"line":7,"column":33},"end":{"line":7,"column":46}}],"line":7},"1":{"loc":{"start":{"line":8,"column":10},"end":{"line":8,"column":34}},"type":"binary-expr","locations":[{"start":{"line":8,"column":10},"end":{"line":8,"column":26}},{"start":{"line":8,"column":30},"end":{"line":8,"column":34}}],"line":8}},"s":{"0":5},"f":{},"b":{"0":[5,0],"1":[5,0]},"inputSourceMap":null,"_coverageSchema":"1a1c01bbd47fc00a2c39e90264f33305004495a9","hash":"aafeff35ec915619a9dd4a12437896d70bcf8114"}
,"C:\\BACKENDWEB\\backendweb\\src\\controller\\prestamoscontroller.js": {"path":"C:\\BACKENDWEB\\backendweb\\src\\controller\\prestamoscontroller.js","statementMap":{"0":{"start":{"line":4,"column":28},"end":{"line":44,"column":1}},"1":{"start":{"line":5,"column":4},"end":{"line":43,"column":5}},"2":{"start":{"line":6,"column":31},"end":{"line":6,"column":39}},"3":{"start":{"line":8,"column":8},"end":{"line":13,"column":9}},"4":{"start":{"line":9,"column":12},"end":{"line":12,"column":15}},"5":{"start":{"line":15,"column":27},"end":{"line":15,"column":48}},"6":{"start":{"line":16,"column":25},"end":{"line":29,"column":9}},"7":{"start":{"line":31,"column":8},"end":{"line":35,"column":11}},"8":{"start":{"line":37,"column":8},"end":{"line":37,"column":55}},"9":{"start":{"line":38,"column":8},"end":{"line":42,"column":11}},"10":{"start":{"line":46,"column":22},"end":{"line":53,"column":1}},"11":{"start":{"line":47,"column":20},"end":{"line":47,"column":22}},"12":{"start":{"line":48,"column":4},"end":{"line":48,"column":61}},"13":{"start":{"line":48,"column":21},"end":{"line":48,"column":61}},"14":{"start":{"line":49,"column":4},"end":{"line":49,"column":64}},"15":{"start":{"line":49,"column":22},"end":{"line":49,"column":64}},"16":{"start":{"line":50,"column":4},"end":{"line":50,"column":59}},"17":{"start":{"line":50,"column":29},"end":{"line":50,"column":59}},"18":{"start":{"line":51,"column":4},"end":{"line":51,"column":59}},"19":{"start":{"line":51,"column":29},"end":{"line":51,"column":59}},"20":{"start":{"line":52,"column":4},"end":{"line":52,"column":19}},"21":{"start":{"line":55,"column":31},"end":{"line":61,"column":1}},"22":{"start":{"line":56,"column":22},"end":{"line":59,"column":5}},"23":{"start":{"line":60,"column":4},"end":{"line":60,"column":30}},"24":{"start":{"line":63,"column":25},"end":{"line":68,"column":1}},"25":{"start":{"line":64,"column":4},"end":{"line":67,"column":6}},"26":{"start":{"line":70,"column":30},"end":{"line":136,"column":1}},"27":{"start":{"line":72,"column":4},"end":{"line":135,"column":5}},"28":{"start":{"line":73,"column":58},"end":{"line":73,"column":66}},"29":{"start":{"line":75,"column":24},"end":{"line":75,"column":80}},"30":{"start":{"line":76,"column":8},"end":{"line":82,"column":9}},"31":{"start":{"line":77,"column":12},"end":{"line":81,"column":15}},"32":{"start":{"line":84,"column":8},"end":{"line":84,"column":43}},"33":{"start":{"line":85,"column":8},"end":{"line":85,"column":44}},"34":{"start":{"line":87,"column":30},"end":{"line":87,"column":82}},"35":{"start":{"line":88,"column":8},"end":{"line":94,"column":9}},"36":{"start":{"line":89,"column":12},"end":{"line":89,"column":40}},"37":{"start":{"line":90,"column":12},"end":{"line":93,"column":15}},"38":{"start":{"line":96,"column":28},"end":{"line":96,"column":36}},"39":{"start":{"line":97,"column":27},"end":{"line":97,"column":44}},"40":{"start":{"line":98,"column":27},"end":{"line":98,"column":42}},"41":{"start":{"line":100,"column":8},"end":{"line":106,"column":11}},"42":{"start":{"line":108,"column":8},"end":{"line":108,"column":34}},"43":{"start":{"line":110,"column":8},"end":{"line":121,"column":11}},"44":{"start":{"line":124,"column":8},"end":{"line":124,"column":52}},"45":{"start":{"line":124,"column":24},"end":{"line":124,"column":52}},"46":{"start":{"line":125,"column":8},"end":{"line":125,"column":57}},"47":{"start":{"line":127,"column":8},"end":{"line":132,"column":11}},"48":{"start":{"line":134,"column":8},"end":{"line":134,"column":45}},"49":{"start":{"line":134,"column":24},"end":{"line":134,"column":45}},"50":{"start":{"line":138,"column":32},"end":{"line":141,"column":1}}},"fnMap":{"0":{"name":"(anonymous_0)","decl":{"start":{"line":4,"column":28},"end":{"line":4,"column":29}},"loc":{"start":{"line":4,"column":48},"end":{"line":44,"column":1}},"line":4},"1":{"name":"(anonymous_1)","decl":{"start":{"line":46,"column":22},"end":{"line":46,"column":23}},"loc":{"start":{"line":46,"column":69},"end":{"line":53,"column":1}},"line":46},"2":{"name":"(anonymous_2)","decl":{"start":{"line":55,"column":31},"end":{"line":55,"column":32}},"loc":{"start":{"line":55,"column":65},"end":{"line":61,"column":1}},"line":55},"3":{"name":"(anonymous_3)","decl":{"start":{"line":63,"column":25},"end":{"line":63,"column":26}},"loc":{"start":{"line":63,"column":103},"end":{"line":68,"column":1}},"line":63},"4":{"name":"(anonymous_4)","decl":{"start":{"line":70,"column":30},"end":{"line":70,"column":31}},"loc":{"start":{"line":70,"column":50},"end":{"line":136,"column":1}},"line":70}},"branchMap":{"0":{"loc":{"start":{"line":8,"column":8},"end":{"line":13,"column":9}},"type":"if","locations":[{"start":{"line":8,"column":8},"end":{"line":13,"column":9}},{"start":{},"end":{}}],"line":8},"1":{"loc":{"start":{"line":41,"column":19},"end":{"line":41,"column":80}},"type":"cond-expr","locations":[{"start":{"line":41,"column":60},"end":{"line":41,"column":73}},{"start":{"line":41,"column":76},"end":{"line":41,"column":80}}],"line":41},"2":{"loc":{"start":{"line":48,"column":4},"end":{"line":48,"column":61}},"type":"if","locations":[{"start":{"line":48,"column":4},"end":{"line":48,"column":61}},{"start":{},"end":{}}],"line":48},"3":{"loc":{"start":{"line":49,"column":4},"end":{"line":49,"column":64}},"type":"if","locations":[{"start":{"line":49,"column":4},"end":{"line":49,"column":64}},{"start":{},"end":{}}],"line":49},"4":{"loc":{"start":{"line":50,"column":4},"end":{"line":50,"column":59}},"type":"if","locations":[{"start":{"line":50,"column":4},"end":{"line":50,"column":59}},{"start":{},"end":{}}],"line":50},"5":{"loc":{"start":{"line":51,"column":4},"end":{"line":51,"column":59}},"type":"if","locations":[{"start":{"line":51,"column":4},"end":{"line":51,"column":59}},{"start":{},"end":{}}],"line":51},"6":{"loc":{"start":{"line":76,"column":8},"end":{"line":82,"column":9}},"type":"if","locations":[{"start":{"line":76,"column":8},"end":{"line":82,"column":9}},{"start":{},"end":{}}],"line":76},"7":{"loc":{"start":{"line":88,"column":8},"end":{"line":94,"column":9}},"type":"if","locations":[{"start":{"line":88,"column":8},"end":{"line":94,"column":9}},{"start":{},"end":{}}],"line":88},"8":{"loc":{"start":{"line":124,"column":8},"end":{"line":124,"column":52}},"type":"if","locations":[{"start":{"line":124,"column":8},"end":{"line":124,"column":52}},{"start":{},"end":{}}],"line":124},"9":{"loc":{"start":{"line":130,"column":19},"end":{"line":130,"column":80}},"type":"cond-expr","locations":[{"start":{"line":130,"column":60},"end":{"line":130,"column":73}},{"start":{"line":130,"column":76},"end":{"line":130,"column":80}}],"line":130},"10":{"loc":{"start":{"line":131,"column":22},"end":{"line":131,"column":86}},"type":"cond-expr","locations":[{"start":{"line":131,"column":63},"end":{"line":131,"column":79}},{"start":{"line":131,"column":82},"end":{"line":131,"column":86}}],"line":131},"11":{"loc":{"start":{"line":134,"column":8},"end":{"line":134,"column":45}},"type":"if","locations":[{"start":{"line":134,"column":8},"end":{"line":134,"column":45}},{"start":{},"end":{}}],"line":134}},"s":{"0":5,"1":3,"2":3,"3":3,"4":1,"5":2,"6":2,"7":1,"8":1,"9":1,"10":5,"11":4,"12":4,"13":0,"14":4,"15":1,"16":4,"17":0,"18":4,"19":1,"20":4,"21":5,"22":3,"23":3,"24":5,"25":2,"26":5,"27":4,"28":4,"29":4,"30":4,"31":1,"32":3,"33":3,"34":3,"35":3,"36":1,"37":1,"38":2,"39":2,"40":2,"41":2,"42":1,"43":1,"44":1,"45":1,"46":1,"47":1,"48":4,"49":3,"50":5},"f":{"0":3,"1":4,"2":3,"3":2,"4":4},"b":{"0":[1,2],"1":[0,1],"2":[0,4],"3":[1,3],"4":[0,4],"5":[1,3],"6":[1,3],"7":[1,2],"8":[1,0],"9":[0,1],"10":[0,1],"11":[3,1]},"inputSourceMap":null,"_coverageSchema":"1a1c01bbd47fc00a2c39e90264f33305004495a9","hash":"ad694a67f4b0b91050636836c0885151113642cb"}
,"C:\\BACKENDWEB\\backendweb\\src\\controller\\reportescontroller.js": {"path":"C:\\BACKENDWEB\\backendweb\\src\\controller\\reportescontroller.js","statementMap":{"0":{"start":{"line":5,"column":37},"end":{"line":42,"column":1}},"1":{"start":{"line":6,"column":27},"end":{"line":6,"column":35}},"2":{"start":{"line":8,"column":4},"end":{"line":10,"column":5}},"3":{"start":{"line":9,"column":8},"end":{"line":9,"column":76}},"4":{"start":{"line":12,"column":4},"end":{"line":41,"column":5}},"5":{"start":{"line":13,"column":27},"end":{"line":13,"column":48}},"6":{"start":{"line":14,"column":25},"end":{"line":31,"column":24}},"7":{"start":{"line":33,"column":8},"end":{"line":35,"column":9}},"8":{"start":{"line":34,"column":12},"end":{"line":34,"column":102}},"9":{"start":{"line":37,"column":8},"end":{"line":37,"column":25}},"10":{"start":{"line":39,"column":8},"end":{"line":39,"column":29}},"11":{"start":{"line":40,"column":8},"end":{"line":40,"column":75}},"12":{"start":{"line":44,"column":31},"end":{"line":46,"column":1}}},"fnMap":{"0":{"name":"(anonymous_0)","decl":{"start":{"line":5,"column":37},"end":{"line":5,"column":38}},"loc":{"start":{"line":5,"column":57},"end":{"line":42,"column":1}},"line":5}},"branchMap":{"0":{"loc":{"start":{"line":8,"column":4},"end":{"line":10,"column":5}},"type":"if","locations":[{"start":{"line":8,"column":4},"end":{"line":10,"column":5}},{"start":{},"end":{}}],"line":8},"1":{"loc":{"start":{"line":33,"column":8},"end":{"line":35,"column":9}},"type":"if","locations":[{"start":{"line":33,"column":8},"end":{"line":35,"column":9}},{"start":{},"end":{}}],"line":33}},"s":{"0":5,"1":3,"2":3,"3":1,"4":2,"5":2,"6":2,"7":2,"8":1,"9":1,"10":0,"11":0,"12":5},"f":{"0":3},"b":{"0":[1,2],"1":[1,1]},"inputSourceMap":null,"_coverageSchema":"1a1c01bbd47fc00a2c39e90264f33305004495a9","hash":"1df87a66486d93b586c6ded52f26f0f63b9c133a"}
,"C:\\BACKENDWEB\\backendweb\\src\\controller\\transaccionescontroller.js": {"path":"C:\\BACKENDWEB\\backendweb\\src\\controller\\transaccionescontroller.js","statementMap":{"0":{"start":{"line":6,"column":32},"end":{"line":15,"column":1}},"1":{"start":{"line":7,"column":4},"end":{"line":14,"column":5}},"2":{"start":{"line":8,"column":27},"end":{"line":8,"column":48}},"3":{"start":{"line":9,"column":25},"end":{"line":9,"column":78}},"4":{"start":{"line":10,"column":8},"end":{"line":10,"column":25}},"5":{"start":{"line":12,"column":8},"end":{"line":12,"column":29}},"6":{"start":{"line":13,"column":8},"end":{"line":13,"column":76}},"7":{"start":{"line":17,"column":42},"end":{"line":36,"column":1}},"8":{"start":{"line":18,"column":4},"end":{"line":35,"column":5}},"9":{"start":{"line":19,"column":31},"end":{"line":19,"column":39}},"10":{"start":{"line":21,"column":8},"end":{"line":23,"column":9}},"11":{"start":{"line":22,"column":12},"end":{"line":22,"column":83}},"12":{"start":{"line":25,"column":27},"end":{"line":25,"column":48}},"13":{"start":{"line":26,"column":25},"end":{"line":29,"column":9}},"14":{"start":{"line":31,"column":8},"end":{"line":31,"column":25}},"15":{"start":{"line":33,"column":8},"end":{"line":33,"column":29}},"16":{"start":{"line":34,"column":8},"end":{"line":34,"column":88}},"17":{"start":{"line":38,"column":33},"end":{"line":66,"column":1}},"18":{"start":{"line":39,"column":4},"end":{"line":65,"column":5}},"19":{"start":{"line":40,"column":56},"end":{"line":40,"column":64}},"20":{"start":{"line":42,"column":8},"end":{"line":44,"column":9}},"21":{"start":{"line":43,"column":12},"end":{"line":43,"column":74}},"22":{"start":{"line":46,"column":31},"end":{"line":46,"column":39}},"23":{"start":{"line":47,"column":22},"end":{"line":47,"column":32}},"24":{"start":{"line":49,"column":27},"end":{"line":49,"column":48}},"25":{"start":{"line":50,"column":8},"end":{"line":53,"column":10}},"26":{"start":{"line":55,"column":8},"end":{"line":61,"column":11}},"27":{"start":{"line":63,"column":8},"end":{"line":63,"column":29}},"28":{"start":{"line":64,"column":8},"end":{"line":64,"column":72}},"29":{"start":{"line":68,"column":36},"end":{"line":72,"column":1}}},"fnMap":{"0":{"name":"(anonymous_0)","decl":{"start":{"line":6,"column":32},"end":{"line":6,"column":33}},"loc":{"start":{"line":6,"column":52},"end":{"line":15,"column":1}},"line":6},"1":{"name":"(anonymous_1)","decl":{"start":{"line":17,"column":42},"end":{"line":17,"column":43}},"loc":{"start":{"line":17,"column":62},"end":{"line":36,"column":1}},"line":17},"2":{"name":"(anonymous_2)","decl":{"start":{"line":38,"column":33},"end":{"line":38,"column":34}},"loc":{"start":{"line":38,"column":53},"end":{"line":66,"column":1}},"line":38}},"branchMap":{"0":{"loc":{"start":{"line":21,"column":8},"end":{"line":23,"column":9}},"type":"if","locations":[{"start":{"line":21,"column":8},"end":{"line":23,"column":9}},{"start":{},"end":{}}],"line":21},"1":{"loc":{"start":{"line":42,"column":8},"end":{"line":44,"column":9}},"type":"if","locations":[{"start":{"line":42,"column":8},"end":{"line":44,"column":9}},{"start":{},"end":{}}],"line":42},"2":{"loc":{"start":{"line":42,"column":12},"end":{"line":42,"column":54}},"type":"binary-expr","locations":[{"start":{"line":42,"column":12},"end":{"line":42,"column":23}},{"start":{"line":42,"column":27},"end":{"line":42,"column":44}},{"start":{"line":42,"column":48},"end":{"line":42,"column":54}}],"line":42}},"s":{"0":5,"1":1,"2":1,"3":1,"4":1,"5":0,"6":0,"7":5,"8":2,"9":2,"10":2,"11":1,"12":1,"13":1,"14":1,"15":0,"16":0,"17":5,"18":2,"19":2,"20":2,"21":1,"22":1,"23":1,"24":1,"25":1,"26":1,"27":0,"28":0,"29":5},"f":{"0":1,"1":2,"2":2},"b":{"0":[1,1],"1":[1,1],"2":[2,2,1]},"inputSourceMap":null,"_coverageSchema":"1a1c01bbd47fc00a2c39e90264f33305004495a9","hash":"ba46f877335f119b9a5300395e437fd0b63d85a4"}
,"C:\\BACKENDWEB\\backendweb\\src\\controller\\usuarioscontroller.js": {"path":"C:\\BACKENDWEB\\backendweb\\src\\controller\\usuarioscontroller.js","statementMap":{"0":{"start":{"line":6,"column":28},"end":{"line":36,"column":1}},"1":{"start":{"line":7,"column":4},"end":{"line":35,"column":5}},"2":{"start":{"line":8,"column":38},"end":{"line":8,"column":46}},"3":{"start":{"line":10,"column":8},"end":{"line":12,"column":9}},"4":{"start":{"line":11,"column":12},"end":{"line":11,"column":90}},"5":{"start":{"line":14,"column":27},"end":{"line":14,"column":48}},"6":{"start":{"line":15,"column":24},"end":{"line":18,"column":9}},"7":{"start":{"line":20,"column":8},"end":{"line":22,"column":9}},"8":{"start":{"line":21,"column":12},"end":{"line":21,"column":79}},"9":{"start":{"line":24,"column":24},"end":{"line":24,"column":32}},"10":{"start":{"line":25,"column":8},"end":{"line":25,"column":34}},"11":{"start":{"line":27,"column":8},"end":{"line":30,"column":11}},"12":{"start":{"line":33,"column":8},"end":{"line":33,"column":55}},"13":{"start":{"line":34,"column":8},"end":{"line":34,"column":92}},"14":{"start":{"line":38,"column":29},"end":{"line":68,"column":1}},"15":{"start":{"line":39,"column":4},"end":{"line":67,"column":5}},"16":{"start":{"line":40,"column":67},"end":{"line":40,"column":75}},"17":{"start":{"line":42,"column":8},"end":{"line":44,"column":9}},"18":{"start":{"line":43,"column":12},"end":{"line":43,"column":88}},"19":{"start":{"line":46,"column":27},"end":{"line":46,"column":35}},"20":{"start":{"line":47,"column":22},"end":{"line":47,"column":26}},"21":{"start":{"line":49,"column":27},"end":{"line":49,"column":48}},"22":{"start":{"line":50,"column":8},"end":{"line":53,"column":10}},"23":{"start":{"line":55,"column":8},"end":{"line":62,"column":11}},"24":{"start":{"line":65,"column":8},"end":{"line":65,"column":29}},"25":{"start":{"line":66,"column":8},"end":{"line":66,"column":68}},"26":{"start":{"line":70,"column":31},"end":{"line":73,"column":1}}},"fnMap":{"0":{"name":"(anonymous_0)","decl":{"start":{"line":6,"column":28},"end":{"line":6,"column":29}},"loc":{"start":{"line":6,"column":48},"end":{"line":36,"column":1}},"line":6},"1":{"name":"(anonymous_1)","decl":{"start":{"line":38,"column":29},"end":{"line":38,"column":30}},"loc":{"start":{"line":38,"column":49},"end":{"line":68,"column":1}},"line":38}},"branchMap":{"0":{"loc":{"start":{"line":10,"column":8},"end":{"line":12,"column":9}},"type":"if","locations":[{"start":{"line":10,"column":8},"end":{"line":12,"column":9}},{"start":{},"end":{}}],"line":10},"1":{"loc":{"start":{"line":10,"column":12},"end":{"line":10,"column":33}},"type":"binary-expr","locations":[{"start":{"line":10,"column":12},"end":{"line":10,"column":18}},{"start":{"line":10,"column":22},"end":{"line":10,"column":33}}],"line":10},"2":{"loc":{"start":{"line":20,"column":8},"end":{"line":22,"column":9}},"type":"if","locations":[{"start":{"line":20,"column":8},"end":{"line":22,"column":9}},{"start":{},"end":{}}],"line":20},"3":{"loc":{"start":{"line":42,"column":8},"end":{"line":44,"column":9}},"type":"if","locations":[{"start":{"line":42,"column":8},"end":{"line":44,"column":9}},{"start":{},"end":{}}],"line":42},"4":{"loc":{"start":{"line":42,"column":12},"end":{"line":42,"column":71}},"type":"binary-expr","locations":[{"start":{"line":42,"column":12},"end":{"line":42,"column":19}},{"start":{"line":42,"column":23},"end":{"line":42,"column":29}},{"start":{"line":42,"column":33},"end":{"line":42,"column":44}},{"start":{"line":42,"column":48},"end":{"line":42,"column":62}},{"start":{"line":42,"column":66},"end":{"line":42,"column":71}}],"line":42}},"s":{"0":5,"1":3,"2":3,"3":3,"4":1,"5":2,"6":2,"7":2,"8":1,"9":1,"10":1,"11":1,"12":0,"13":0,"14":5,"15":2,"16":2,"17":2,"18":1,"19":1,"20":1,"21":1,"22":1,"23":1,"24":0,"25":0,"26":5},"f":{"0":3,"1":2},"b":{"0":[1,2],"1":[3,3],"2":[1,1],"3":[1,1],"4":[2,2,2,1,1]},"inputSourceMap":null,"_coverageSchema":"1a1c01bbd47fc00a2c39e90264f33305004495a9","hash":"2cf95a22a850cc8348bfbb4bfa87855b30547992"}
,"C:\\BACKENDWEB\\backendweb\\src\\database\\database.js": {"path":"C:\\BACKENDWEB\\backendweb\\src\\database\\database.js","statementMap":{"0":{"start":{"line":6,"column":13},"end":{"line":15,"column":2}},"1":{"start":{"line":17,"column":22},"end":{"line":19,"column":1}},"2":{"start":{"line":18,"column":4},"end":{"line":18,"column":38}}},"fnMap":{"0":{"name":"(anonymous_0)","decl":{"start":{"line":17,"column":22},"end":{"line":17,"column":23}},"loc":{"start":{"line":17,"column":34},"end":{"line":19,"column":1}},"line":17}},"branchMap":{},"s":{"0":5,"1":5,"2":17},"f":{"0":17},"b":{},"inputSourceMap":null,"_coverageSchema":"1a1c01bbd47fc00a2c39e90264f33305004495a9","hash":"d52988445a55fffb7532ea26db17be6b13b5d653"}
,"C:\\BACKENDWEB\\backendweb\\src\\routes\\prestamos.js": {"path":"C:\\BACKENDWEB\\backendweb\\src\\routes\\prestamos.js","statementMap":{"0":{"start":{"line":6,"column":15},"end":{"line":6,"column":23}},"1":{"start":{"line":9,"column":0},"end":{"line":9,"column":48}},"2":{"start":{"line":12,"column":0},"end":{"line":12,"column":55}}},"fnMap":{},"branchMap":{},"s":{"0":5,"1":5,"2":5},"f":{},"b":{},"inputSourceMap":null,"_coverageSchema":"1a1c01bbd47fc00a2c39e90264f33305004495a9","hash":"5ba91ec9b8e830f25864d410e1162da74a536ab4"}
,"C:\\BACKENDWEB\\backendweb\\src\\routes\\reportes.js": {"path":"C:\\BACKENDWEB\\backendweb\\src\\routes\\reportes.js","statementMap":{"0":{"start":{"line":6,"column":15},"end":{"line":6,"column":23}},"1":{"start":{"line":9,"column":0},"end":{"line":9,"column":56}}},"fnMap":{},"branchMap":{},"s":{"0":5,"1":5},"f":{},"b":{},"inputSourceMap":null,"_coverageSchema":"1a1c01bbd47fc00a2c39e90264f33305004495a9","hash":"31bbb130cc47b7969c7c26213fdf63d23a4db268"}
,"C:\\BACKENDWEB\\backendweb\\src\\routes\\rutas.js": {"path":"C:\\BACKENDWEB\\backendweb\\src\\routes\\rutas.js","statementMap":{"0":{"start":{"line":9,"column":15},"end":{"line":9,"column":31}},"1":{"start":{"line":12,"column":0},"end":{"line":12,"column":40}},"2":{"start":{"line":13,"column":0},"end":{"line":13,"column":50}},"3":{"start":{"line":14,"column":0},"end":{"line":14,"column":42}},"4":{"start":{"line":15,"column":0},"end":{"line":15,"column":40}}},"fnMap":{},"branchMap":{},"s":{"0":5,"1":5,"2":5,"3":5,"4":5},"f":{},"b":{},"inputSourceMap":null,"_coverageSchema":"1a1c01bbd47fc00a2c39e90264f33305004495a9","hash":"42b390dcf966896f2c54e872974c32efdf12b04e"}
,"C:\\BACKENDWEB\\backendweb\\src\\routes\\transacciones.js": {"path":"C:\\BACKENDWEB\\backendweb\\src\\routes\\transacciones.js","statementMap":{"0":{"start":{"line":6,"column":15},"end":{"line":6,"column":23}},"1":{"start":{"line":8,"column":0},"end":{"line":8,"column":55}},"2":{"start":{"line":9,"column":0},"end":{"line":9,"column":57}},"3":{"start":{"line":10,"column":0},"end":{"line":10,"column":73}}},"fnMap":{},"branchMap":{},"s":{"0":5,"1":5,"2":5,"3":5},"f":{},"b":{},"inputSourceMap":null,"_coverageSchema":"1a1c01bbd47fc00a2c39e90264f33305004495a9","hash":"2afd26e52cfaa104defd9ae10fc24c59f721da1a"}
,"C:\\BACKENDWEB\\backendweb\\src\\routes\\usuarios.js": {"path":"C:\\BACKENDWEB\\backendweb\\src\\routes\\usuarios.js","statementMap":{"0":{"start":{"line":6,"column":15},"end":{"line":6,"column":23}},"1":{"start":{"line":8,"column":0},"end":{"line":8,"column":52}},"2":{"start":{"line":9,"column":0},"end":{"line":9,"column":48}}},"fnMap":{},"branchMap":{},"s":{"0":5,"1":5,"2":5},"f":{},"b":{},"inputSourceMap":null,"_coverageSchema":"1a1c01bbd47fc00a2c39e90264f33305004495a9","hash":"53d64a6fe901f24b825cec5ca9a72c36681ed814"}
,"C:\\BACKENDWEB\\backendweb\\src\\tests\\db-utils.js": {"path":"C:\\BACKENDWEB\\backendweb\\src\\tests\\db-utils.js","statementMap":{"0":{"start":{"line":4,"column":31},"end":{"line":6,"column":1}},"1":{"start":{"line":5,"column":2},"end":{"line":5,"column":19}}},"fnMap":{"0":{"name":"(anonymous_0)","decl":{"start":{"line":4,"column":31},"end":{"line":4,"column":32}},"loc":{"start":{"line":4,"column":43},"end":{"line":6,"column":1}},"line":4}},"branchMap":{},"s":{"0":4,"1":4},"f":{"0":4},"b":{},"inputSourceMap":null,"_coverageSchema":"1a1c01bbd47fc00a2c39e90264f33305004495a9","hash":"f2fbb2f74bd30ce2b49d414a089b761c3964af1f"}
}
