TN:
SF:src\app.js
FN:20,(anonymous_0)
FN:34,(anonymous_1)
FN:39,(anonymous_2)
FN:45,(anonymous_3)
FNF:4
FNH:1
FNDA:19,(anonymous_0)
FNDA:0,(anonymous_1)
FNDA:0,(anonymous_2)
FNDA:0,(anonymous_3)
DA:7,5
DA:8,5
DA:11,5
DA:18,5
DA:21,19
DA:25,5
DA:31,5
DA:34,5
DA:35,0
DA:36,0
DA:39,5
DA:40,0
DA:41,0
DA:45,5
DA:46,0
DA:47,0
LF:16
LH:10
BRF:0
BRH:0
end_of_record
TN:
SF:src\config.js
FNF:0
FNH:0
DA:4,5
LF:1
LH:1
BRDA:7,0,0,5
BRDA:7,0,1,0
BRDA:8,1,0,5
BRDA:8,1,1,0
BRF:4
BRH:2
end_of_record
TN:
SF:src\controller\prestamoscontroller.js
FN:6,(anonymous_0)
FN:48,(anonymous_1)
FNF:2
FNH:2
FNDA:3,(anonymous_0)
FNDA:4,(anonymous_1)
DA:6,5
DA:7,3
DA:8,3
DA:10,3
DA:11,1
DA:17,2
DA:18,2
DA:33,1
DA:39,1
DA:40,1
DA:48,5
DA:50,4
DA:51,4
DA:53,4
DA:54,1
DA:66,3
DA:67,3
DA:69,3
DA:74,3
DA:75,1
DA:76,1
DA:82,2
DA:83,2
DA:84,2
DA:86,2
DA:91,1
DA:93,1
DA:107,1
DA:108,1
DA:110,1
DA:117,4
DA:121,5
LF:32
LH:32
BRDA:10,0,0,1
BRDA:10,0,1,2
BRDA:43,1,0,0
BRDA:43,1,1,1
BRDA:53,2,0,1
BRDA:53,2,1,3
BRDA:53,3,0,4
BRDA:53,3,1,4
BRDA:53,3,2,3
BRDA:53,3,3,3
BRDA:58,4,0,0
BRDA:58,4,1,1
BRDA:59,5,0,1
BRDA:59,5,1,0
BRDA:60,6,0,0
BRDA:60,6,1,1
BRDA:61,7,0,1
BRDA:61,7,1,0
BRDA:74,8,0,1
BRDA:74,8,1,2
BRDA:107,9,0,1
BRDA:107,9,1,0
BRDA:113,10,0,0
BRDA:113,10,1,1
BRDA:114,11,0,0
BRDA:114,11,1,1
BRDA:117,12,0,3
BRDA:117,12,1,1
BRF:28
BRH:20
end_of_record
TN:
SF:src\controller\reportescontroller.js
FN:5,(anonymous_0)
FNF:1
FNH:1
FNDA:3,(anonymous_0)
DA:5,5
DA:6,3
DA:8,3
DA:9,1
DA:12,2
DA:13,2
DA:14,2
DA:33,2
DA:34,1
DA:37,1
DA:39,0
DA:40,0
DA:44,5
LF:13
LH:11
BRDA:8,0,0,1
BRDA:8,0,1,2
BRDA:33,1,0,1
BRDA:33,1,1,1
BRF:4
BRH:4
end_of_record
TN:
SF:src\controller\transaccionescontroller.js
FN:6,(anonymous_0)
FN:17,(anonymous_1)
FN:38,(anonymous_2)
FNF:3
FNH:3
FNDA:2,(anonymous_0)
FNDA:2,(anonymous_1)
FNDA:2,(anonymous_2)
DA:6,5
DA:7,2
DA:8,2
DA:9,2
DA:10,2
DA:12,0
DA:13,0
DA:17,5
DA:18,2
DA:19,2
DA:21,2
DA:22,1
DA:25,1
DA:26,1
DA:31,1
DA:33,0
DA:34,0
DA:38,5
DA:39,2
DA:40,2
DA:42,2
DA:43,1
DA:46,1
DA:47,1
DA:49,1
DA:50,1
DA:55,1
DA:63,0
DA:64,0
DA:68,5
LF:30
LH:24
BRDA:21,0,0,1
BRDA:21,0,1,1
BRDA:42,1,0,1
BRDA:42,1,1,1
BRDA:42,2,0,2
BRDA:42,2,1,2
BRDA:42,2,2,1
BRF:7
BRH:7
end_of_record
TN:
SF:src\controller\usuarioscontroller.js
FN:6,(anonymous_0)
FN:38,(anonymous_1)
FNF:2
FNH:2
FNDA:3,(anonymous_0)
FNDA:2,(anonymous_1)
DA:6,5
DA:7,3
DA:8,3
DA:10,3
DA:11,1
DA:14,2
DA:15,2
DA:20,2
DA:21,1
DA:24,1
DA:25,1
DA:27,1
DA:33,0
DA:34,0
DA:38,5
DA:39,2
DA:40,2
DA:42,2
DA:43,1
DA:46,1
DA:47,1
DA:49,1
DA:50,1
DA:55,1
DA:65,0
DA:66,0
DA:70,5
LF:27
LH:23
BRDA:10,0,0,1
BRDA:10,0,1,2
BRDA:10,1,0,3
BRDA:10,1,1,3
BRDA:20,2,0,1
BRDA:20,2,1,1
BRDA:42,3,0,1
BRDA:42,3,1,1
BRDA:42,4,0,2
BRDA:42,4,1,2
BRDA:42,4,2,2
BRDA:42,4,3,1
BRDA:42,4,4,1
BRF:13
BRH:13
end_of_record
TN:
SF:src\database\database.js
FN:17,(anonymous_0)
FNF:1
FNH:1
FNDA:18,(anonymous_0)
DA:6,5
DA:17,5
DA:18,18
LF:3
LH:3
BRF:0
BRH:0
end_of_record
TN:
SF:src\routes\prestamos.js
FNF:0
FNH:0
DA:6,5
DA:9,5
DA:12,5
LF:3
LH:3
BRF:0
BRH:0
end_of_record
TN:
SF:src\routes\reportes.js
FNF:0
FNH:0
DA:6,5
DA:9,5
LF:2
LH:2
BRF:0
BRH:0
end_of_record
TN:
SF:src\routes\rutas.js
FNF:0
FNH:0
DA:9,5
DA:12,5
DA:13,5
DA:14,5
DA:15,5
LF:5
LH:5
BRF:0
BRH:0
end_of_record
TN:
SF:src\routes\transacciones.js
FNF:0
FNH:0
DA:6,5
DA:8,5
DA:9,5
DA:10,5
LF:4
LH:4
BRF:0
BRH:0
end_of_record
TN:
SF:src\routes\usuarios.js
FNF:0
FNH:0
DA:6,5
DA:8,5
DA:9,5
LF:3
LH:3
BRF:0
BRH:0
end_of_record
TN:
SF:src\tests\db-utils.js
FN:4,(anonymous_0)
FNF:1
FNH:1
FNDA:4,(anonymous_0)
DA:4,4
DA:5,4
LF:2
LH:2
BRF:0
BRH:0
end_of_record
