TN:
SF:src\app.js
FN:18,(anonymous_0)
FN:32,(anonymous_1)
FN:38,(anonymous_2)
FN:44,(anonymous_3)
FNF:4
FNH:1
FNDA:19,(anonymous_0)
FNDA:0,(anonymous_1)
FNDA:0,(anonymous_2)
FNDA:0,(anonymous_3)
DA:5,4
DA:6,4
DA:9,4
DA:16,4
DA:19,19
DA:23,4
DA:29,4
DA:32,4
DA:33,0
DA:34,0
DA:38,4
DA:39,0
DA:40,0
DA:44,4
DA:45,0
DA:46,0
LF:16
LH:10
BRF:0
BRH:0
end_of_record
TN:
SF:src\config.js
FNF:0
FNH:0
DA:2,4
LF:1
LH:1
BRDA:5,0,0,4
BRDA:5,0,1,0
BRDA:6,1,0,4
BRDA:6,1,1,0
BRF:4
BRH:2
end_of_record
TN:
SF:src\controller\prestamoscontroller.js
FN:4,(anonymous_0)
FN:46,(anonymous_1)
FNF:2
FNH:2
FNDA:3,(anonymous_0)
FNDA:4,(anonymous_1)
DA:4,4
DA:5,3
DA:6,3
DA:8,3
DA:9,1
DA:15,2
DA:16,2
DA:31,1
DA:37,1
DA:38,1
DA:46,4
DA:48,4
DA:49,4
DA:52,4
DA:53,1
DA:65,3
DA:66,3
DA:69,3
DA:74,3
DA:75,1
DA:76,1
DA:82,2
DA:83,2
DA:84,2
DA:86,2
DA:91,1
DA:93,1
DA:107,1
DA:108,1
DA:110,1
DA:117,4
DA:121,4
LF:32
LH:32
BRDA:8,0,0,1
BRDA:8,0,1,2
BRDA:41,1,0,0
BRDA:41,1,1,1
BRDA:52,2,0,1
BRDA:52,2,1,3
BRDA:52,3,0,4
BRDA:52,3,1,4
BRDA:52,3,2,3
BRDA:52,3,3,3
BRDA:57,4,0,0
BRDA:57,4,1,1
BRDA:58,5,0,1
BRDA:58,5,1,0
BRDA:59,6,0,0
BRDA:59,6,1,1
BRDA:60,7,0,1
BRDA:60,7,1,0
BRDA:74,8,0,1
BRDA:74,8,1,2
BRDA:107,9,0,1
BRDA:107,9,1,0
BRDA:113,10,0,0
BRDA:113,10,1,1
BRDA:114,11,0,0
BRDA:114,11,1,1
BRDA:117,12,0,3
BRDA:117,12,1,1
BRF:28
BRH:20
end_of_record
TN:
SF:src\controller\reportescontroller.js
FN:4,(anonymous_0)
FNF:1
FNH:1
FNDA:3,(anonymous_0)
DA:4,4
DA:5,3
DA:7,3
DA:8,1
DA:11,2
DA:12,2
DA:13,2
DA:32,2
DA:33,1
DA:36,1
DA:38,0
DA:39,0
DA:43,4
LF:13
LH:11
BRDA:7,0,0,1
BRDA:7,0,1,2
BRDA:32,1,0,1
BRDA:32,1,1,1
BRF:4
BRH:4
end_of_record
TN:
SF:src\controller\transaccionescontroller.js
FN:5,(anonymous_0)
FN:17,(anonymous_1)
FN:39,(anonymous_2)
FNF:3
FNH:3
FNDA:1,(anonymous_0)
FNDA:2,(anonymous_1)
FNDA:2,(anonymous_2)
DA:5,4
DA:6,1
DA:7,1
DA:8,1
DA:9,1
DA:11,0
DA:12,0
DA:17,4
DA:18,2
DA:19,2
DA:21,2
DA:22,1
DA:25,1
DA:26,1
DA:31,1
DA:33,0
DA:34,0
DA:39,4
DA:40,2
DA:41,2
DA:43,2
DA:44,1
DA:47,1
DA:48,1
DA:50,1
DA:51,1
DA:56,1
DA:64,0
DA:65,0
DA:69,4
LF:30
LH:24
BRDA:21,0,0,1
BRDA:21,0,1,1
BRDA:43,1,0,1
BRDA:43,1,1,1
BRDA:43,2,0,2
BRDA:43,2,1,2
BRDA:43,2,2,1
BRF:7
BRH:7
end_of_record
TN:
SF:src\controller\usuarioscontroller.js
FN:5,(anonymous_0)
FN:38,(anonymous_1)
FNF:2
FNH:2
FNDA:3,(anonymous_0)
FNDA:2,(anonymous_1)
DA:5,4
DA:6,3
DA:7,3
DA:9,3
DA:10,1
DA:13,2
DA:14,2
DA:19,2
DA:20,1
DA:23,1
DA:24,1
DA:26,1
DA:32,0
DA:33,0
DA:38,4
DA:39,2
DA:40,2
DA:42,2
DA:43,1
DA:46,1
DA:47,1
DA:49,1
DA:50,1
DA:55,1
DA:65,0
DA:66,0
DA:70,4
LF:27
LH:23
BRDA:9,0,0,1
BRDA:9,0,1,2
BRDA:9,1,0,3
BRDA:9,1,1,3
BRDA:19,2,0,1
BRDA:19,2,1,1
BRDA:42,3,0,1
BRDA:42,3,1,1
BRDA:42,4,0,2
BRDA:42,4,1,2
BRDA:42,4,2,2
BRDA:42,4,3,1
BRDA:42,4,4,1
BRF:13
BRH:13
end_of_record
TN:
SF:src\database\database.js
FN:15,(anonymous_0)
FNF:1
FNH:1
FNDA:17,(anonymous_0)
DA:4,4
DA:15,4
DA:16,17
LF:3
LH:3
BRF:0
BRH:0
end_of_record
TN:
SF:src\routes\prestamos.js
FNF:0
FNH:0
DA:4,4
DA:7,4
DA:10,4
LF:3
LH:3
BRF:0
BRH:0
end_of_record
TN:
SF:src\routes\reportes.js
FNF:0
FNH:0
DA:4,4
DA:7,4
LF:2
LH:2
BRF:0
BRH:0
end_of_record
TN:
SF:src\routes\rutas.js
FNF:0
FNH:0
DA:7,4
DA:10,4
DA:11,4
DA:12,4
DA:13,4
LF:5
LH:5
BRF:0
BRH:0
end_of_record
TN:
SF:src\routes\transacciones.js
FNF:0
FNH:0
DA:5,4
DA:7,4
DA:8,4
DA:9,4
LF:4
LH:4
BRF:0
BRH:0
end_of_record
TN:
SF:src\routes\usuarios.js
FNF:0
FNH:0
DA:4,4
DA:6,4
DA:7,4
LF:3
LH:3
BRF:0
BRH:0
end_of_record
TN:
SF:src\tests\db-utils.js
FN:4,(anonymous_0)
FNF:1
FNH:1
FNDA:4,(anonymous_0)
DA:4,4
DA:5,4
LF:2
LH:2
BRF:0
BRH:0
end_of_record
